Campo 100000 x 100000
Cada jogador coloca 400000 barcos

Jogador A coloca barcos:
(40668, 62142)
(6034, 7818)
(15678, 20034)
(52946, 65743)
(30937, 7240)
...

Jogador B coloca barcos:
(87324, 12658)
(75529, 33224)
(94523, 62030)
(41934, 34419)
(71705, 31553)
...

Cada jogador vai dar 500000 tiros

Jogador A atira:
(26847, 45167)
(59612, 76022)
(32503, 96112)
(73774, 66497)
(94284, 46828)
...

Jogador B atira:
(62703, 71411)
(25573, 45927)
(77889, 56764)
(43062, 93487)
(69728, 44435)
...

Resultado: Jogador A acertou 18 e Jogador B 16
