Campo 1000000 x 1000000
Cada jogador coloca 400000 barcos

Jogador A coloca barcos:
(542426, 179540)
(250659, 463122)
(934574, 79766)
(698372, 673133)
(230374, 446114)
...

Jogador B coloca barcos:
(970544, 615786)
(113085, 23383)
(182950, 453621)
(101858, 763245)
(879148, 695522)
...

Cada jogador vai dar 500000 tiros

Jogador A atira:
(973151, 326365)
(261684, 779846)
(989435, 385024)
(335748, 646821)
(281988, 320116)
...

Jogador B atira:
(266215, 592925)
(742496, 484505)
(187881, 353963)
(856241, 360829)
(168887, 610676)
...

Resultado: Jogador A acertou 0 e Jogador B 0
