Mediana: 3756.0
Mediana: 10268.5
Mediana: 5775.0
Mediana: 8097.5
Mediana: 10420.0
Mediana: 11379.0
Mediana: 12338.0
Mediana: 14559.5
Mediana: 12338.0
Mediana: 11379.0
Mediana: 10420.0
Mediana: 11379.0
Mediana: 10420.0
Mediana: 11379.0
Mediana: 12338.0
Mediana: 11379.0
Mediana: 11905.0
Mediana: 11162.5
Mediana: 10420.0
Mediana: 11162.5
Mediana: 10420.0
Mediana: 11162.5
Mediana: 10420.0
Mediana: 10405.0
Mediana: 10420.0
Mediana: 10405.0
Mediana: 10390.0
Mediana: 10405.0
Mediana: 10420.0
Mediana: 11162.5
Mediana: 10420.0
Mediana: 10405.0
Mediana: 10420.0
Mediana: 11162.5
Mediana: 10532.0
Mediana: 10476.0
Mediana: 10532.0
Mediana: 10541.0
Mediana: 10550.0
Mediana: 10669.0
Mediana: 10788.0
Mediana: 11346.5
Mediana: 11905.0
Mediana: 12121.5
Mediana: 11905.0
Mediana: 12121.5
Mediana: 12338.0
Mediana: 12121.5
Mediana: 12338.0
Mediana: 12407.0
Mediana: 12476.0
Mediana: 12407.0
Mediana: 12476.0
Mediana: 12407.0
Mediana: 12476.0
Mediana: 13058.5
Mediana: 12476.0
Mediana: 12946.5
Mediana: 13417.0
Mediana: 13529.0
Mediana: 13417.0
Mediana: 13371.5
Mediana: 13326.0
Mediana: 13371.5
Mediana: 13417.0
Mediana: 13371.5
Mediana: 13417.0
Mediana: 13529.0
Mediana: 13417.0
Mediana: 13529.0
Mediana: 13641.0
Mediana: 13529.0
Mediana: 13641.0
Mediana: 13529.0
Mediana: 13417.0
Mediana: 13371.5
Mediana: 13417.0
Mediana: 13529.0
Mediana: 13417.0
Mediana: 13529.0
Mediana: 13417.0
Mediana: 13371.5
Mediana: 13326.0
Mediana: 13371.5
Mediana: 13326.0
Mediana: 13371.5
Mediana: 13417.0
Mediana: 13371.5
Mediana: 13417.0
Mediana: 13371.5
Mediana: 13417.0
Mediana: 13529.0
Mediana: 13641.0
Mediana: 13529.0
Mediana: 13641.0
Mediana: 14133.5
Mediana: 14626.0
Mediana: 14133.5
Mediana: 14626.0
Mediana: 15272.5
